***********************************************************************
*
*	CODE GENERATION LISTING FOR: modbus rtu
*	COMPILER VERSION: 5.22.0.18
*
***********************************************************************

**************************************************
	CODE GENERATOR SUBROUTINES
**************************************************

$$MOD:
300000D0  FB90 F3F1		sdiv r3, r0, r1
300000D4  4359     		mul r1, r1, r3
300000D6  EBC1 0000		rsb r0, r1, r0
300000DA  4770     		bx lr

$$MOD_U:
300000DC  FBB0 F3F1		udiv r3, r0, r1
300000E0  4359     		mul r1, r1, r3
300000E2  EBC1 0000		rsb r0, r1, r0
300000E6  4770     		bx lr

**************************************************
	List program: main
**************************************************

PROGRAM main

END_PROGRAM

300000F0  B082     		sub sp, sp, #8
300000F2  F8CD E000		str lr, [sp]
300000F6  E92D 0FF0		stmdb sp!, { r4, r5, r6, r7, r8, r9, r10, r11 }

300000FA  E8BD 0FF0		ldmia sp!, { r4, r5, r6, r7, r8, r9, r10, r11 }
300000FE  F8DD E000		ldr lr, [sp]
30000102  B002     		add sp, sp, #8

30000104  4770     		bx lr

END_PROGRAM


**************************************************
	Target variable image generation
**************************************************


*** INPUT:
30000106  4770     		bx lr


*** OUTPUT:
30000108  4770     		bx lr



**************************************************
	Task Fast init code
**************************************************

3000010A  B082     		sub sp, sp, #8
3000010C  F8CD E000		str lr, [sp]
30000110  E92D 0FF0		stmdb sp!, { r4, r5, r6, r7, r8, r9, r10, r11 }

30000114  E8BD 0FF0		ldmia sp!, { r4, r5, r6, r7, r8, r9, r10, r11 }
30000118  F8DD E000		ldr lr, [sp]
3000011C  B002     		add sp, sp, #8

3000011E  4770     		bx lr

**************************************************
	List program: InitParDB
**************************************************

PROGRAM InitParDB

        VAR
warningsKiller : USINT;
dummyCrc32 : UDINT;
	END_VAR

END_PROGRAM

30000130  B082     		sub sp, sp, #8
30000132  F8CD E000		str lr, [sp]
30000136  E92D 0FF0		stmdb sp!, { r4, r5, r6, r7, r8, r9, r10, r11 }

#0		{SRC:InitParDB}
#1		(*$WAITSWITCH$*)
#2		
#3			(* dummyCrc32 := 0; *)
#4			MOVE		0,dummyCrc32	{LNXT:3|5|-1}
(*) UDINT
3000013A  2000     		mov r0, #0 ; 0
3000013C  F8DF 7058		ldr r7, [pc, #+88] ; 0x24002BD0
30000140  6038     		str r0, [r7]

#5		
#6			(* warningsKiller := sysDBase_SetExtTable( TO_DWORD( 0 ), 0, 0, 0, 0, 0, 0, 0, 0, 0, 0 ); *)
#7			LDP0		0	{LNXT:5|3|-1}
(-) UDINT
#8			TO_DWORD	{LNXT:5|3|-1}
(-) USINT
30000142  2000     		mov r0, #0 ; 0

#9			sysDBase_SetExtTable		0, 0, 0, 0, 0, 0, 0, 0, 0, 0	{LNXT:5|3|-1}
(*) DWORD
30000144  B088     		sub sp, sp, #32
30000146  2700     		mov r7, #0 ; 0
30000148  4639     		mov r1, r7
3000014A  2700     		mov r7, #0 ; 0
3000014C  463A     		mov r2, r7
3000014E  2700     		mov r7, #0 ; 0
30000150  463B     		mov r3, r7
30000152  2700     		mov r7, #0 ; 0
30000154  F8CD 7000		str r7, [sp]
30000158  2700     		mov r7, #0 ; 0
3000015A  F8CD 7004		str r7, [sp, #+4]
3000015E  2700     		mov r7, #0 ; 0
30000160  F8CD 7008		str r7, [sp, #+8]
30000164  2700     		mov r7, #0 ; 0
30000166  F8CD 700C		str r7, [sp, #+12]
3000016A  2700     		mov r7, #0 ; 0
3000016C  F8CD 7010		str r7, [sp, #+16]
30000170  2700     		mov r7, #0 ; 0
30000172  F8CD 7014		str r7, [sp, #+20]
30000176  2700     		mov r7, #0 ; 0
30000178  F8CD 7018		str r7, [sp, #+24]
3000017C  F8DF 4010		ldr r4, [pc, #+16] ; 0x806CBCD
30000180  F044 0401		orr r4, r4, #1
30000184  47A0     		blx r4
30000186  B008     		add sp, sp, #32

#10			ST		warningsKiller	{LNXT:5|3|-1}
(*) USINT
30000188  F8DF 7008		ldr r7, [pc, #+8] ; 0x24002BCF
3000018C  7038     		strb r0, [r7]

3000018E  E005     		b #10

30000190  FFFFFFFF		; 0x0806CBCD
30000194  24002BCF		; 0x24002BCF
30000198  24002BD0		; 0x24002BD0

END_PROGRAM
**************************************************
	List program: $$IOConfig
**************************************************

PROGRAM $$IOConfig

        VAR
warningsKiller : BOOL;
	END_VAR

END_PROGRAM

#0		{SRC:$$IOConfig}
#1		(*$WAITSWITCH$*)
#2		
#3			(* warningsKiller := sysCfgAnalogRes(16); *)
#4			LDP0		16	{LNXT:4|7|-1}
(-) UDINT
#5			sysCfgAnalogRes	{LNXT:4|7|-1}
(*) USINT
3000019C  2010     		mov r0, #16 ; 16
3000019E  F8DF 40BC		ldr r4, [pc, #+188] ; 0x8073979
300001A2  F044 0401		orr r4, r4, #1
300001A6  47A0     		blx r4

#6			ST		warningsKiller	{LNXT:4|7|-1}
(*) BOOL
300001A8  F8DF 70B8		ldr r7, [pc, #+184] ; 0x24002BCC
300001AC  7038     		strb r0, [r7]

#7		
#8			(* warningsKiller := sysCfgProgInput(0, 0); *)
#9			LDP0		0	{LNXT:7|8|-1}
(-) BOOL
#10			sysCfgProgInput		0	{LNXT:7|8|-1}
(*) USINT
300001AE  2000     		mov r0, #0 ; 0
300001B0  2100     		mov r1, #0 ; 0
300001B2  F8DF 40AC		ldr r4, [pc, #+172] ; 0x8073985
300001B6  F044 0401		orr r4, r4, #1
300001BA  47A0     		blx r4

#11			ST		warningsKiller	{LNXT:7|8|-1}
(*) BOOL
300001BC  F8DF 70A4		ldr r7, [pc, #+164] ; 0x24002BCC
300001C0  7038     		strb r0, [r7]

#12		
#13			(* warningsKiller := sysCfgProgInput(1, 0); *)
#14			LDP0		1	{LNXT:8|9|-1}
(-) BOOL
#15			sysCfgProgInput		0	{LNXT:8|9|-1}
(*) USINT
300001C2  2001     		mov r0, #1 ; 1
300001C4  2100     		mov r1, #0 ; 0
300001C6  F8DF 4098		ldr r4, [pc, #+152] ; 0x8073985
300001CA  F044 0401		orr r4, r4, #1
300001CE  47A0     		blx r4

#16			ST		warningsKiller	{LNXT:8|9|-1}
(*) BOOL
300001D0  F8DF 7090		ldr r7, [pc, #+144] ; 0x24002BCC
300001D4  7038     		strb r0, [r7]

#17		
#18			(* warningsKiller := sysCfgProgInput(2, 0); *)
#19			LDP0		2	{LNXT:9|10|-1}
(-) BOOL
#20			sysCfgProgInput		0	{LNXT:9|10|-1}
(*) USINT
300001D6  2002     		mov r0, #2 ; 2
300001D8  2100     		mov r1, #0 ; 0
300001DA  F8DF 4084		ldr r4, [pc, #+132] ; 0x8073985
300001DE  F044 0401		orr r4, r4, #1
300001E2  47A0     		blx r4

#21			ST		warningsKiller	{LNXT:9|10|-1}
(*) BOOL
300001E4  F8DF 707C		ldr r7, [pc, #+124] ; 0x24002BCC
300001E8  7038     		strb r0, [r7]

#22		
#23			(* warningsKiller := sysCfgProgInput(3, 0); *)
#24			LDP0		3	{LNXT:10|11|-1}
(-) BOOL
#25			sysCfgProgInput		0	{LNXT:10|11|-1}
(*) USINT
300001EA  2003     		mov r0, #3 ; 3
300001EC  2100     		mov r1, #0 ; 0
300001EE  F8DF 4070		ldr r4, [pc, #+112] ; 0x8073985
300001F2  F044 0401		orr r4, r4, #1
300001F6  47A0     		blx r4

#26			ST		warningsKiller	{LNXT:10|11|-1}
(*) BOOL
300001F8  F8DF 7068		ldr r7, [pc, #+104] ; 0x24002BCC
300001FC  7038     		strb r0, [r7]

#27		
#28			(* warningsKiller := sysCfgProgInput(4, 0); *)
#29			LDP0		4	{LNXT:11|12|-1}
(-) BOOL
#30			sysCfgProgInput		0	{LNXT:11|12|-1}
(*) USINT
300001FE  2004     		mov r0, #4 ; 4
30000200  2100     		mov r1, #0 ; 0
30000202  F8DF 405C		ldr r4, [pc, #+92] ; 0x8073985
30000206  F044 0401		orr r4, r4, #1
3000020A  47A0     		blx r4

#31			ST		warningsKiller	{LNXT:11|12|-1}
(*) BOOL
3000020C  F8DF 7054		ldr r7, [pc, #+84] ; 0x24002BCC
30000210  7038     		strb r0, [r7]

#32		
#33			(* warningsKiller := sysCfgProgInput(5, 0); *)
#34			LDP0		5	{LNXT:12|13|-1}
(-) BOOL
#35			sysCfgProgInput		0	{LNXT:12|13|-1}
(*) USINT
30000212  2005     		mov r0, #5 ; 5
30000214  2100     		mov r1, #0 ; 0
30000216  F8DF 4048		ldr r4, [pc, #+72] ; 0x8073985
3000021A  F044 0401		orr r4, r4, #1
3000021E  47A0     		blx r4

#36			ST		warningsKiller	{LNXT:12|13|-1}
(*) BOOL
30000220  F8DF 7040		ldr r7, [pc, #+64] ; 0x24002BCC
30000224  7038     		strb r0, [r7]

#37		
#38			(* warningsKiller := sysCfgProgInput(6, 0); *)
#39			LDP0		6	{LNXT:13|14|-1}
(-) BOOL
#40			sysCfgProgInput		0	{LNXT:13|14|-1}
(*) USINT
30000226  2006     		mov r0, #6 ; 6
30000228  2100     		mov r1, #0 ; 0
3000022A  F8DF 4034		ldr r4, [pc, #+52] ; 0x8073985
3000022E  F044 0401		orr r4, r4, #1
30000232  47A0     		blx r4

#41			ST		warningsKiller	{LNXT:13|14|-1}
(*) BOOL
30000234  F8DF 702C		ldr r7, [pc, #+44] ; 0x24002BCC
30000238  7038     		strb r0, [r7]

#42		
#43			(* warningsKiller := sysCfgProgInput(7, 0); *)
#44			LDP0		7	{LNXT:14|4|-1}
(-) BOOL
#45			sysCfgProgInput		0	{LNXT:14|4|-1}
(*) USINT
3000023A  2007     		mov r0, #7 ; 7
3000023C  2100     		mov r1, #0 ; 0
3000023E  F8DF 4020		ldr r4, [pc, #+32] ; 0x8073985
30000242  F044 0401		orr r4, r4, #1
30000246  47A0     		blx r4

#46			ST		warningsKiller	{LNXT:14|4|-1}
(*) BOOL
30000248  F8DF 7018		ldr r7, [pc, #+24] ; 0x24002BCC
3000024C  7038     		strb r0, [r7]

3000024E  E8BD 0FF0		ldmia sp!, { r4, r5, r6, r7, r8, r9, r10, r11 }
30000252  F8DD E000		ldr lr, [sp]
30000256  B002     		add sp, sp, #8

30000258  4770     		bx lr

3000025C  FFFFFFFF		; 0x08073979
30000260  FFFFFFFF		; 0x08073985
30000264  24002BCC		; 0x24002BCC

END_PROGRAM


**************************************************
	Target variable image generation
**************************************************


*** INPUT:
30000268  4770     		bx lr


*** OUTPUT:
3000026A  4770     		bx lr



**************************************************
	Task Init init code
**************************************************

3000026C  B082     		sub sp, sp, #8
3000026E  F8CD E000		str lr, [sp]
30000272  E92D 0FF0		stmdb sp!, { r4, r5, r6, r7, r8, r9, r10, r11 }

30000276  E8BD 0FF0		ldmia sp!, { r4, r5, r6, r7, r8, r9, r10, r11 }
3000027A  F8DD E000		ldr lr, [sp]
3000027E  B002     		add sp, sp, #8

30000280  4770     		bx lr

**************************************************
	List program: $$MbSBoot_0
**************************************************

PROGRAM $$MbSBoot_0

        VAR
openChannel_return : USINT;
slave_return : USINT;
broadMsg_return : BOOL;
slaveMsg_return : BOOL;
	END_VAR

END_PROGRAM

30000290  B082     		sub sp, sp, #8
30000292  F8CD E000		str lr, [sp]
30000296  E92D 0FF0		stmdb sp!, { r4, r5, r6, r7, r8, r9, r10, r11 }

#0		{SRC:$$MbSBoot_0}
#1		(*$WAITSWITCH$*)
#2		
#3			(* openChannel_return := sysMbSRtu_OpenChn2( 1, 0, MbBaudrate#MbBaud_19200, MbMode#MbMode_8N1, 1, 2, FALSE, 0); *)
#4			LDP0		1	{LNXT:2|2|-1}
(-) UDINT
#5			sysMbSRtu_OpenChn2		0, MbBaudrate#MbBaud_19200, MbMode#MbMode_8N1, 1, 2, FALSE, 0	{LNXT:2|2|-1}
(*) USINT
3000029A  B084     		sub sp, sp, #16
3000029C  2001     		mov r0, #1 ; 1
3000029E  2100     		mov r1, #0 ; 0
300002A0  F44F 4296		mov r2, #19200 ; 19200
300002A4  2300     		mov r3, #0 ; 0
300002A6  2701     		mov r7, #1 ; 1
300002A8  F8CD 7000		str r7, [sp]
300002AC  2702     		mov r7, #2 ; 2
300002AE  F8CD 7004		str r7, [sp, #+4]
300002B2  2700     		mov r7, #0 ; 0
300002B4  F8CD 7008		str r7, [sp, #+8]
300002B8  2700     		mov r7, #0 ; 0
300002BA  F8CD 700C		str r7, [sp, #+12]
300002BE  F8DF 401C		ldr r4, [pc, #+28] ; 0x8075E29
300002C2  F044 0401		orr r4, r4, #1
300002C6  47A0     		blx r4
300002C8  B004     		add sp, sp, #16

#6			ST		openChannel_return	{LNXT:2|2|-1}
(*) USINT
300002CA  F8DF 7014		ldr r7, [pc, #+20] ; 0x24002BCD
300002CE  7038     		strb r0, [r7]

300002D0  E8BD 0FF0		ldmia sp!, { r4, r5, r6, r7, r8, r9, r10, r11 }
300002D4  F8DD E000		ldr lr, [sp]
300002D8  B002     		add sp, sp, #8

300002DA  4770     		bx lr

300002DC  FFFFFFFF		; 0x08075E29
300002E0  24002BCD		; 0x24002BCD

END_PROGRAM


**************************************************
	Target variable image generation
**************************************************


*** INPUT:
300002E4  4770     		bx lr


*** OUTPUT:
300002E6  4770     		bx lr



**************************************************
	Task MbBoot init code
**************************************************

300002E8  B082     		sub sp, sp, #8
300002EA  F8CD E000		str lr, [sp]
300002EE  E92D 0FF0		stmdb sp!, { r4, r5, r6, r7, r8, r9, r10, r11 }

300002F2  E8BD 0FF0		ldmia sp!, { r4, r5, r6, r7, r8, r9, r10, r11 }
300002F6  F8DD E000		ldr lr, [sp]
300002FA  B002     		add sp, sp, #8

300002FC  4770     		bx lr



**************************************************
	Global init code
**************************************************

30000310  B082     		sub sp, sp, #8
30000312  F8CD E000		str lr, [sp]
30000316  E92D 0FF0		stmdb sp!, { r4, r5, r6, r7, r8, r9, r10, r11 }

3000031A  E8BD 0FF0		ldmia sp!, { r4, r5, r6, r7, r8, r9, r10, r11 }
3000031E  F8DD E000		ldr lr, [sp]
30000322  B002     		add sp, sp, #8

30000324  4770     		bx lr



**************************************************
	Global RETAIN init code
**************************************************

30000326  B082     		sub sp, sp, #8
30000328  F8CD E000		str lr, [sp]
3000032C  E92D 0FF0		stmdb sp!, { r4, r5, r6, r7, r8, r9, r10, r11 }

30000330  E8BD 0FF0		ldmia sp!, { r4, r5, r6, r7, r8, r9, r10, r11 }
30000334  F8DD E000		ldr lr, [sp]
30000338  B002     		add sp, sp, #8

3000033A  4770     		bx lr



**************************************************
	Task $$VirtualTables init code
**************************************************

3000033C  B082     		sub sp, sp, #8
3000033E  F8CD E000		str lr, [sp]
30000342  E92D 0FF0		stmdb sp!, { r4, r5, r6, r7, r8, r9, r10, r11 }

30000346  E8BD 0FF0		ldmia sp!, { r4, r5, r6, r7, r8, r9, r10, r11 }
3000034A  F8DD E000		ldr lr, [sp]
3000034E  B002     		add sp, sp, #8

30000350  4770     		bx lr



********************************************
MEMORY MAP
********************************************

Code area type:          		       main code
Start code area:          		0000000030000000h
End code area:            		000000003000041Ch
Code size:                		0000041Ch

Start local data area:    		0000000024002BC0h
End local data area:      		0000000024002BD4h
Local data size:          		00000014h

Start retentive data area:		00000000240027C0h
End retentive data area:  		00000000240027C0h
Retentive data size:      		00000000h

Start bit data area:      		0000000000000000h
End bit data area:        		0000000000000000h
Bit data size:            		00000000h



********************************************
CODE ID:                                09E79BED
DEBUG MEMO ID:                          300031F4
FULL MEMO ID:                           00005EF1
********************************************
